[06-Nov-2021 15:34:06 UTC] PHP Notice:  wp_enqueue_script() was called <strong>incorrectly</strong>. "wp-editor" script should not be enqueued together with the new widgets editor (wp-edit-widgets or wp-customize-widgets). Please see <a href="https://wordpress.org/support/article/debugging-in-wordpress/">Debugging in WordPress</a> for more information. (This message was added in version 5.8.0.) in /var/www/html/web/wp/wp-includes/functions.php on line 5663
[06-Nov-2021 16:14:22 UTC] PHP Notice:  wp_enqueue_script() was called <strong>incorrectly</strong>. "wp-editor" script should not be enqueued together with the new widgets editor (wp-edit-widgets or wp-customize-widgets). Please see <a href="https://wordpress.org/support/article/debugging-in-wordpress/">Debugging in WordPress</a> for more information. (This message was added in version 5.8.0.) in /var/www/html/web/wp/wp-includes/functions.php on line 5663
[06-Nov-2021 16:20:36 UTC] PHP Notice:  wp_enqueue_script() was called <strong>incorrectly</strong>. "wp-editor" script should not be enqueued together with the new widgets editor (wp-edit-widgets or wp-customize-widgets). Please see <a href="https://wordpress.org/support/article/debugging-in-wordpress/">Debugging in WordPress</a> for more information. (This message was added in version 5.8.0.) in /var/www/html/web/wp/wp-includes/functions.php on line 5663
[06-Nov-2021 16:23:38 UTC] PHP Notice:  wp_enqueue_script() was called <strong>incorrectly</strong>. "wp-editor" script should not be enqueued together with the new widgets editor (wp-edit-widgets or wp-customize-widgets). Please see <a href="https://wordpress.org/support/article/debugging-in-wordpress/">Debugging in WordPress</a> for more information. (This message was added in version 5.8.0.) in /var/www/html/web/wp/wp-includes/functions.php on line 5663
[06-Nov-2021 16:27:17 UTC] PHP Warning:  An unexpected error occurred. Something may be wrong with WordPress.org or this server&#8217;s configuration. If you continue to have problems, please try the <a href="https://wordpress.org/support/forums/">support forums</a>. (WordPress could not establish a secure connection to WordPress.org. Please contact your server administrator.) in /var/www/html/web/wp/wp-includes/update.php on line 413
[06-Nov-2021 17:14:15 UTC] PHP Notice:  Undefined variable: style_id in /var/www/html/web/app/plugins/review-widgets-for-tripadvisor/tabs/setup_no_reg_header.php on line 135
[06-Nov-2021 17:14:31 UTC] PHP Notice:  Undefined variable: content in /var/www/html/web/app/plugins/review-widgets-for-tripadvisor/trustindex-plugin.class.php on line 473
[06-Nov-2021 17:14:33 UTC] PHP Notice:  Undefined variable: content in /var/www/html/web/app/plugins/review-widgets-for-tripadvisor/trustindex-plugin.class.php on line 473
[06-Nov-2021 17:14:39 UTC] PHP Notice:  Undefined variable: content in /var/www/html/web/app/plugins/review-widgets-for-tripadvisor/trustindex-plugin.class.php on line 473
[06-Nov-2021 17:14:40 UTC] PHP Notice:  Undefined variable: content in /var/www/html/web/app/plugins/review-widgets-for-tripadvisor/trustindex-plugin.class.php on line 473
[06-Nov-2021 17:14:41 UTC] PHP Notice:  Undefined variable: content in /var/www/html/web/app/plugins/review-widgets-for-tripadvisor/trustindex-plugin.class.php on line 473
[06-Nov-2021 17:14:44 UTC] PHP Notice:  Undefined variable: content in /var/www/html/web/app/plugins/review-widgets-for-tripadvisor/trustindex-plugin.class.php on line 473
[06-Nov-2021 17:15:06 UTC] PHP Notice:  Undefined variable: content in /var/www/html/web/app/plugins/review-widgets-for-tripadvisor/trustindex-plugin.class.php on line 473
[09-Nov-2021 08:31:41 UTC] PHP Warning:  sprintf(): Too few arguments in /var/www/html/web/wp/wp-admin/includes/class-bulk-upgrader-skin.php on line 152
[09-Nov-2021 08:31:41 UTC] PHP Warning:  sprintf(): Too few arguments in /var/www/html/web/wp/wp-admin/includes/class-bulk-upgrader-skin.php on line 152
[09-Nov-2021 08:31:41 UTC] PHP Warning:  sprintf(): Too few arguments in /var/www/html/web/wp/wp-admin/includes/class-bulk-upgrader-skin.php on line 152
[09-Nov-2021 08:31:41 UTC] PHP Warning:  sprintf(): Too few arguments in /var/www/html/web/wp/wp-admin/includes/class-bulk-upgrader-skin.php on line 152
[09-Nov-2021 08:31:41 UTC] PHP Warning:  sprintf(): Too few arguments in /var/www/html/web/wp/wp-admin/includes/class-bulk-upgrader-skin.php on line 152
[09-Nov-2021 08:31:43 UTC] PHP Warning:  sprintf(): Too few arguments in /var/www/html/web/wp/wp-admin/includes/class-bulk-upgrader-skin.php on line 152
[09-Nov-2021 08:31:44 UTC] PHP Warning:  sprintf(): Too few arguments in /var/www/html/web/wp/wp-admin/includes/class-bulk-upgrader-skin.php on line 152
[09-Nov-2021 08:31:48 UTC] PHP Warning:  sprintf(): Too few arguments in /var/www/html/web/wp/wp-admin/includes/class-bulk-upgrader-skin.php on line 152
[09-Nov-2021 08:31:48 UTC] PHP Notice:  Undefined index: rtb-payment-gateway in /var/www/html/web/app/plugins/restaurant-reservations/includes/Migration.class.php on line 65
[09-Nov-2021 08:31:48 UTC] PHP Notice:  Undefined index: rtb-payment-gateway in /var/www/html/web/app/plugins/restaurant-reservations/includes/Migration.class.php on line 66
[09-Nov-2021 08:32:04 UTC] WordPress database error Duplicate entry '1' for key 'id' for query INSERT wp_revslider_css_bkp SELECT * FROM wp_revslider_css; made by require_once('wp-admin/admin.php'), do_action('appearance_page_install-required-plugins'), WP_Hook->do_action, WP_Hook->apply_filters, TGM_Plugin_Activation->install_plugins_page, TGM_Plugin_Activation->do_plugin_install, TGM_Plugin_Activation->activate_single_plugin, activate_plugin, do_action('activate_revslider/revslider.php'), WP_Hook->do_action, WP_Hook->apply_filters, RevSliderFront::create_tables
[09-Nov-2021 08:37:59 UTC] PHP Deprecated:  block_categories is <strong>deprecated</strong> since version 5.8.0! Use block_categories_all instead. in /var/www/html/web/wp/wp-includes/functions.php on line 5586
[09-Nov-2021 08:37:59 UTC] PHP Deprecated:  block_categories is <strong>deprecated</strong> since version 5.8.0! Use block_categories_all instead. in /var/www/html/web/wp/wp-includes/functions.php on line 5586
[09-Nov-2021 08:42:08 UTC] PHP Warning:  fopen(/var/www/html/web/app/plugins/contact-form-7/wp-contact-form-7.php): failed to open stream: No such file or directory in /var/www/html/web/wp/wp-includes/functions.php on line 6461
[09-Nov-2021 08:42:08 UTC] PHP Warning:  fopen(/var/www/html/web/app/plugins/envato-market/envato-market.php): failed to open stream: No such file or directory in /var/www/html/web/wp/wp-includes/functions.php on line 6461
[09-Nov-2021 08:42:08 UTC] PHP Warning:  fopen(/var/www/html/web/app/plugins/mkd-core/main.php): failed to open stream: No such file or directory in /var/www/html/web/wp/wp-includes/functions.php on line 6461
[09-Nov-2021 08:42:08 UTC] PHP Warning:  fopen(/var/www/html/web/app/plugins/mkd-instagram-feed/mkd-instagram-feed.php): failed to open stream: No such file or directory in /var/www/html/web/wp/wp-includes/functions.php on line 6461
[09-Nov-2021 08:42:08 UTC] PHP Warning:  fopen(/var/www/html/web/app/plugins/mkd-twitter-feed/mkd-twitter-feed.php): failed to open stream: No such file or directory in /var/www/html/web/wp/wp-includes/functions.php on line 6461
[09-Nov-2021 08:42:08 UTC] PHP Warning:  fopen(/var/www/html/web/app/plugins/revslider/revslider.php): failed to open stream: No such file or directory in /var/www/html/web/wp/wp-includes/functions.php on line 6461
[09-Nov-2021 08:42:08 UTC] PHP Warning:  fopen(/var/www/html/web/app/plugins/woocommerce/woocommerce.php): failed to open stream: No such file or directory in /var/www/html/web/wp/wp-includes/functions.php on line 6461
[09-Nov-2021 08:42:08 UTC] PHP Warning:  fopen(/var/www/html/web/app/plugins/js_composer/js_composer.php): failed to open stream: No such file or directory in /var/www/html/web/wp/wp-includes/functions.php on line 6461
[09-Nov-2021 09:53:44 UTC] PHP Notice:  wp_enqueue_script() was called <strong>incorrectly</strong>. "wp-editor" script should not be enqueued together with the new widgets editor (wp-edit-widgets or wp-customize-widgets). Please see <a href="https://wordpress.org/support/article/debugging-in-wordpress/">Debugging in WordPress</a> for more information. (This message was added in version 5.8.0.) in /var/www/html/web/wp/wp-includes/functions.php on line 5663
[09-Nov-2021 09:54:50 UTC] PHP Notice:  wp_enqueue_script() was called <strong>incorrectly</strong>. "wp-editor" script should not be enqueued together with the new widgets editor (wp-edit-widgets or wp-customize-widgets). Please see <a href="https://wordpress.org/support/article/debugging-in-wordpress/">Debugging in WordPress</a> for more information. (This message was added in version 5.8.0.) in /var/www/html/web/wp/wp-includes/functions.php on line 5663
